Copyright 1986-2015 Xilinx, Inc. All Rights Reserved.
-----------------------------------------------------------------------------------------
| Tool Version      : Vivado v.2015.4 (lin64) Build 1412921 Wed Nov 18 09:44:32 MST 2015
| Date              : Mon Apr 18 14:47:46 2016
| Host              : michiru running 64-bit unknown
| Command           : report_clock_utilization -file game_clock_utilization_routed.rpt
| Design            : game
| Device            : 7z020-clg484
| Speed File        : -1  PRODUCTION 1.11 2014-09-11
| Temperature Grade : C
-----------------------------------------------------------------------------------------

Clock Utilization Report

Table of Contents
-----------------
1. Clock Primitive Utilization
2. Details of Global Clocks
3. Details of Regional Clocks
4. Details of Multi-Regional Clocks
5. Details of I/O Clocks
6. Details of Local Clocks
7. Clock Regions : Key Resource Utilization
8. Net wise resources used in clock region X0Y0
9. Net wise resources used in clock region X1Y0
10. Net wise resources used in clock region X0Y1

1. Clock Primitive Utilization
------------------------------

+-------+------+-----------+-----------+
| Type  | Used | Available | Num Fixed |
+-------+------+-----------+-----------+
| BUFG  |    4 |        32 |         0 |
| BUFH  |    1 |        72 |         0 |
| BUFIO |    0 |        16 |         0 |
| MMCM  |    1 |         4 |         0 |
| PLL   |    0 |         4 |         0 |
| BUFR  |    0 |        16 |         0 |
| BUFMR |    0 |         8 |         0 |
+-------+------+-----------+-----------+


2. Details of Global Clocks
---------------------------

+-------+---------------------------------+----------------------------------------------+--------------+-------+
|       |                                 |                                              |   Num Loads  |       |
+-------+---------------------------------+----------------------------------------------+------+-------+-------+
| Index | BUFG Cell                       | Net Name                                     | BELs | Sites | Fixed |
+-------+---------------------------------+----------------------------------------------+------+-------+-------+
|     1 | nolabel_line23/inst/clkf_buf    | nolabel_line23/inst/clkfbout_buf_clk_manager |    1 |     1 |    no |
|     2 | btn_dn_IBUF_BUFG_inst           | btn_dn_IBUF_BUFG                             |    3 |     3 |    no |
|     3 | clk_100M_BUFG_inst              | clk_100M_BUFG                                |   37 |    31 |    no |
|     4 | nolabel_line23/inst/clkout1_buf | nolabel_line23/inst/clk_out1                 |   53 |    37 |    no |
+-------+---------------------------------+----------------------------------------------+------+-------+-------+


+-------+------------------------------------+-------------------------------------------------+--------------+-------+
|       |                                    |                                                 |   Num Loads  |       |
+-------+------------------------------------+-------------------------------------------------+------+-------+-------+
| Index | BUFH Cell                          | Net Name                                        | BELs | Sites | Fixed |
+-------+------------------------------------+-------------------------------------------------+------+-------+-------+
|     1 | nolabel_line23/inst/clkout1_buf_en | nolabel_line23/inst/clk_out1_clk_manager_en_clk |    8 |     1 |    no |
+-------+------------------------------------+-------------------------------------------------+------+-------+-------+


+-------+-----------------------+---------------------------+---------------+--------------+-------+
|       |                       |           BUFHCE          |               |   Num Loads  |       |
+-------+-----------------------+------------+--------------+---------------+------+-------+-------+
| Index | Src of Rt-thru BUFHCE | Clk-Region | Site         | Net Name      | BELs | Sites | Fixed |
+-------+-----------------------+------------+--------------+---------------+------+-------+-------+
|     1 | clk_100M_IBUF_inst    | X0Y0       | BUFHCE_X0Y11 | clk_100M_IBUF |    5 |     3 |   yes |
+-------+-----------------------+------------+--------------+---------------+------+-------+-------+


+-------+-----------------------------------+------------------------------------------+--------------+-------+
|       |                                   |                                          |   Num Loads  |       |
+-------+-----------------------------------+------------------------------------------+------+-------+-------+
| Index | MMCM Cell                         | Net Name                                 | BELs | Sites | Fixed |
+-------+-----------------------------------+------------------------------------------+------+-------+-------+
|     1 | nolabel_line23/inst/mmcm_adv_inst | nolabel_line23/inst/clkfbout_clk_manager |    1 |     1 |    no |
|     2 | nolabel_line23/inst/mmcm_adv_inst | nolabel_line23/inst/clk_out1_clk_manager |    2 |     2 |    no |
+-------+-----------------------------------+------------------------------------------+------+-------+-------+


3. Details of Regional Clocks
-----------------------------

4. Details of Multi-Regional Clocks
-----------------------------------

5. Details of I/O Clocks
------------------------

6. Details of Local Clocks
--------------------------

+-------+--------------------------------------+------------------------------------------+--------------+-------+
|       |                                      |                                          |   Num Loads  |       |
+-------+--------------------------------------+------------------------------------------+------+-------+-------+
| Index | Local Clk Src                        | Net Name                                 | BELs | Sites | Fixed |
+-------+--------------------------------------+------------------------------------------+------+-------+-------+
|     1 | nolabel_line28/clr_count_reg_LDC_i_1 | nolabel_line28/clr_count_reg_LDC_i_1_n_0 |    2 |     2 |    no |
|     2 | nolabel_line28/bg1_i_1               | nolabel_line28/nclk_100M                 |   98 |   178 |    no |
+-------+--------------------------------------+------------------------------------------+------+-------+-------+


7. Clock Regions : Key Resource Utilization
-------------------------------------------

+-------------------+--------------+--------------+--------------+--------------+--------------+--------------+--------------+--------------+--------------+--------------+--------------+--------------+--------------+--------------+--------------+
|                   | Global Clock |     BUFRs    |    BUFMRs    |    BUFIOs    |     MMCM     |      PLL     |      GT      |      PCI     |    ILOGIC    |    OLOGIC    |      FF      |     LUTM     |    RAMB18    |    RAMB36    |    DSP48E1   |
+-------------------+------+-------+------+-------+------+-------+------+-------+------+-------+------+-------+------+-------+------+-------+------+-------+------+-------+------+-------+------+-------+------+-------+------+-------+------+-------+
| Clock Region Name | Used | Avail | Used | Avail | Used | Avail | Used | Avail | Used | Avail | Used | Avail | Used | Avail | Used | Avail | Used | Avail | Used | Avail | Used | Avail | Used | Avail | Used | Avail | Used | Avail | Used | Avail |
+-------------------+------+-------+------+-------+------+-------+------+-------+------+-------+------+-------+------+-------+------+-------+------+-------+------+-------+------+-------+------+-------+------+-------+------+-------+------+-------+
| X0Y0              |    4 |    12 |    0 |     4 |    0 |     2 |    0 |     4 |    0 |     1 |    0 |     1 |    0 |     0 |    0 |     0 |    0 |    50 |    0 |    50 |   38 | 20000 |    0 |  4000 |    0 |    60 |   20 |    30 |    0 |    60 |
| X1Y0              |    3 |    12 |    0 |     4 |    0 |     2 |    0 |     4 |    1 |     1 |    0 |     1 |    0 |     0 |    0 |     0 |    0 |    50 |    0 |    50 |   11 | 25600 |    0 |  3400 |    1 |    60 |   27 |    30 |    0 |    40 |
| X0Y1              |    2 |    12 |    0 |     0 |    0 |     0 |    0 |     0 |    0 |     0 |    0 |     0 |    0 |     0 |    0 |     0 |    0 |     0 |    0 |     0 |    2 |  9600 |    0 |  1600 |    0 |    20 |   10 |    10 |    1 |    20 |
| X1Y1              |    0 |    12 |    0 |     4 |    0 |     2 |    0 |     4 |    0 |     1 |    0 |     1 |    0 |     0 |    0 |     0 |    0 |    50 |    0 |    50 |   10 | 20800 |    0 |  3400 |    5 |    60 |   24 |    30 |    0 |    40 |
| X0Y2              |    0 |    12 |    0 |     0 |    0 |     0 |    0 |     0 |    0 |     0 |    0 |     0 |    0 |     0 |    0 |     0 |    0 |     0 |    0 |     0 |    0 |  9600 |    0 |  1600 |    0 |    20 |    6 |    10 |    0 |    20 |
| X1Y2              |    0 |    12 |    0 |     4 |    0 |     2 |    0 |     4 |    0 |     1 |    0 |     1 |    0 |     0 |    0 |     0 |    0 |    50 |    0 |    50 |    0 | 20800 |    0 |  3400 |    0 |    60 |   17 |    30 |    0 |    40 |
+-------------------+------+-------+------+-------+------+-------+------+-------+------+-------+------+-------+------+-------+------+-------+------+-------+------+-------+------+-------+------+-------+------+-------+------+-------+------+-------+
* RAMB36 site can be used as two RAMB18/FIFO18 sites.


8. Net wise resources used in clock region X0Y0
-----------------------------------------------

+-------------+--------------+-------+-----------+----------+---------+-----------+---------+---------+-----+-------+----------+-------------------------------------------------+
| Source Type | BUFHCE Site  | Fixed | MMCM Pins | PLL Pins | GT Pins | BRAM Pins | ILOGICs | OLOGICs | FFs | LUTMs | DSP48E1s |                  Clock Net Name                 |
+-------------+--------------+-------+-----------+----------+---------+-----------+---------+---------+-----+-------+----------+-------------------------------------------------+
| BUFG        | BUFHCE_X0Y10 |   no  |         0 |        0 |       0 |        20 |       0 |       0 |   0 |     0 |        0 | clk_100M_BUFG                                   |
| BUFG        | BUFHCE_X0Y9  |   no  |         0 |        0 |       0 |         0 |       0 |       0 |   3 |     0 |        0 | btn_dn_IBUF_BUFG                                |
| BUFH        |      ---     |   no  |         0 |        0 |       0 |         0 |       0 |       0 |   8 |     0 |        0 | nolabel_line23/inst/clk_out1_clk_manager_en_clk |
| BUFGCTRL    | BUFHCE_X0Y8  |   no  |         0 |        0 |       0 |        20 |       0 |       0 |  26 |     0 |        0 | nolabel_line23/inst/clk_out1                    |
+-------------+--------------+-------+-----------+----------+---------+-----------+---------+---------+-----+-------+----------+-------------------------------------------------+


9. Net wise resources used in clock region X1Y0
-----------------------------------------------

+-------------+-------------+-------+-----------+----------+---------+-----------+---------+---------+-----+-------+----------+----------------------------------------------+
| Source Type | BUFHCE Site | Fixed | MMCM Pins | PLL Pins | GT Pins | BRAM Pins | ILOGICs | OLOGICs | FFs | LUTMs | DSP48E1s |                Clock Net Name                |
+-------------+-------------+-------+-----------+----------+---------+-----------+---------+---------+-----+-------+----------+----------------------------------------------+
| BUFGCTRL    | BUFHCE_X1Y8 |   no  |         0 |        0 |       0 |         6 |       0 |       0 |   0 |     0 |        0 | nolabel_line23/inst/clk_out1                 |
| BUFG        | BUFHCE_X1Y1 |   no  |         1 |        0 |       0 |         0 |       0 |       0 |   0 |     0 |        0 | nolabel_line23/inst/clkfbout_buf_clk_manager |
| BUFG        | BUFHCE_X1Y0 |   no  |         1 |        0 |       0 |         6 |       0 |       0 |   8 |     0 |        0 | clk_100M_BUFG                                |
+-------------+-------------+-------+-----------+----------+---------+-----------+---------+---------+-----+-------+----------+----------------------------------------------+


10. Net wise resources used in clock region X0Y1
------------------------------------------------

+-------------+--------------+-------+-----------+----------+---------+-----------+---------+---------+-----+-------+----------+------------------------------+
| Source Type | BUFHCE Site  | Fixed | MMCM Pins | PLL Pins | GT Pins | BRAM Pins | ILOGICs | OLOGICs | FFs | LUTMs | DSP48E1s |        Clock Net Name        |
+-------------+--------------+-------+-----------+----------+---------+-----------+---------+---------+-----+-------+----------+------------------------------+
| BUFG        | BUFHCE_X0Y21 |   no  |         0 |        0 |       0 |         1 |       0 |       0 |   0 |     0 |        1 | clk_100M_BUFG                |
| BUFGCTRL    | BUFHCE_X0Y20 |   no  |         0 |        0 |       0 |         1 |       0 |       0 |   0 |     0 |        0 | nolabel_line23/inst/clk_out1 |
+-------------+--------------+-------+-----------+----------+---------+-----------+---------+---------+-----+-------+----------+------------------------------+



# Location of BUFG Primitives 
set_property LOC BUFGCTRL_X0Y2 [get_cells btn_dn_IBUF_BUFG_inst]
set_property LOC BUFGCTRL_X0Y1 [get_cells clk_100M_BUFG_inst]
set_property LOC BUFGCTRL_X0Y0 [get_cells nolabel_line23/inst/clkout1_buf]
set_property LOC BUFGCTRL_X0Y3 [get_cells nolabel_line23/inst/clkf_buf]

# Location of IO Clock Primitives

# Location of MMCM Clock Primitives
set_property LOC MMCME2_ADV_X1Y0 [get_cells nolabel_line23/inst/mmcm_adv_inst]

# Location of BUFH Clock Primitives
set_property LOC BUFHCE_X0Y0 [get_cells nolabel_line23/inst/clkout1_buf_en]

# Location of BUFR Clock Primitives

# Location of BUFMR Clock Primitives

# Location of PLL Clock Primitives

# Location of IO Primitives which is load of clock spine

# Location of clock ports
set_property LOC IOB_X1Y51 [get_ports btn_dn]
set_property LOC IOB_X0Y26 [get_ports clk_100M]

# Clock net "btn_dn_IBUF_BUFG" driven by instance "btn_dn_IBUF_BUFG_inst" located at site "BUFGCTRL_X0Y2"
#startgroup
create_pblock {CLKAG_btn_dn_IBUF_BUFG}
add_cells_to_pblock [get_pblocks  {CLKAG_btn_dn_IBUF_BUFG}] [get_cells -filter { PRIMITIVE_GROUP != I/O && IS_PRIMITIVE==1 && PRIMITIVE_LEVEL !=INTERNAL } -of_object [get_pins -filter {DIRECTION==IN} -of_objects [get_nets -hierarchical -filter {PARENT=="btn_dn_IBUF_BUFG"}]]]
resize_pblock [get_pblocks {CLKAG_btn_dn_IBUF_BUFG}] -add {CLOCKREGION_X0Y0:CLOCKREGION_X0Y0}
#endgroup

# Clock net "clk_100M_BUFG" driven by instance "clk_100M_BUFG_inst" located at site "BUFGCTRL_X0Y1"
#startgroup
create_pblock {CLKAG_clk_100M_BUFG}
add_cells_to_pblock [get_pblocks  {CLKAG_clk_100M_BUFG}] [get_cells -filter { PRIMITIVE_GROUP != I/O && IS_PRIMITIVE==1 && PRIMITIVE_LEVEL !=INTERNAL && NAME!=nolabel_line23/inst/mmcm_adv_inst} -of_object [get_pins -filter {DIRECTION==IN} -of_objects [get_nets -hierarchical -filter {PARENT=="clk_100M_BUFG"}]]]
resize_pblock [get_pblocks {CLKAG_clk_100M_BUFG}] -add {CLOCKREGION_X0Y0:CLOCKREGION_X0Y0 CLOCKREGION_X0Y1:CLOCKREGION_X0Y1 CLOCKREGION_X1Y0:CLOCKREGION_X1Y0}
#endgroup

# Clock net "clk_100M_IBUF" driven by instance "clk_100M_IBUF_inst" located at site "IOB_X0Y26"
#startgroup
create_pblock {CLKAG_clk_100M_IBUF}
add_cells_to_pblock [get_pblocks  {CLKAG_clk_100M_IBUF}] [get_cells -filter { PRIMITIVE_GROUP != I/O && IS_PRIMITIVE==1 && PRIMITIVE_LEVEL !=INTERNAL && NAME!=clk_100M_BUFG_inst} -of_object [get_pins -filter {DIRECTION==IN} -of_objects [get_nets -hierarchical -filter {PARENT=="clk_100M_IBUF"}]]]
resize_pblock [get_pblocks {CLKAG_clk_100M_IBUF}] -add {CLOCKREGION_X0Y0:CLOCKREGION_X0Y0}
#endgroup

# Clock net "nolabel_line23/inst/clk_out1" driven by instance "nolabel_line23/inst/clkout1_buf" located at site "BUFGCTRL_X0Y0"
#startgroup
create_pblock {CLKAG_nolabel_line23/inst/clk_out1}
add_cells_to_pblock [get_pblocks  {CLKAG_nolabel_line23/inst/clk_out1}] [get_cells -filter { PRIMITIVE_GROUP != I/O && IS_PRIMITIVE==1 && PRIMITIVE_LEVEL !=INTERNAL } -of_object [get_pins -filter {DIRECTION==IN} -of_objects [get_nets -hierarchical -filter {PARENT=="nolabel_line23/inst/clk_out1"}]]]
resize_pblock [get_pblocks {CLKAG_nolabel_line23/inst/clk_out1}] -add {CLOCKREGION_X0Y0:CLOCKREGION_X0Y0 CLOCKREGION_X0Y1:CLOCKREGION_X0Y1 CLOCKREGION_X1Y0:CLOCKREGION_X1Y0}
#endgroup

# Clock net "nolabel_line23/inst/clk_out1_clk_manager_en_clk" driven by instance "nolabel_line23/inst/clkout1_buf_en" located at site "BUFHCE_X0Y0"
#startgroup
create_pblock {CLKAG_nolabel_line23/inst/clk_out1_clk_manager_en_clk}
add_cells_to_pblock [get_pblocks  {CLKAG_nolabel_line23/inst/clk_out1_clk_manager_en_clk}] [get_cells -filter { PRIMITIVE_GROUP != I/O && IS_PRIMITIVE==1 && PRIMITIVE_LEVEL !=INTERNAL } -of_object [get_pins -filter {DIRECTION==IN} -of_objects [get_nets -hierarchical -filter {PARENT=="nolabel_line23/inst/clk_out1_clk_manager_en_clk"}]]]
resize_pblock [get_pblocks {CLKAG_nolabel_line23/inst/clk_out1_clk_manager_en_clk}] -add {CLOCKREGION_X0Y0:CLOCKREGION_X0Y0}
#endgroup

# Clock net "nolabel_line28/clr_count_reg_LDC_i_1_n_0" driven by instance "nolabel_line28/clr_count_reg_LDC_i_1" located at site "SLICE_X40Y48"
#startgroup
create_pblock {CLKAG_nolabel_line28/clr_count_reg_LDC_i_1_n_0}
add_cells_to_pblock [get_pblocks  {CLKAG_nolabel_line28/clr_count_reg_LDC_i_1_n_0}] [get_cells -filter { PRIMITIVE_GROUP != I/O && IS_PRIMITIVE==1 && PRIMITIVE_LEVEL !=INTERNAL } -of_object [get_pins -filter {DIRECTION==IN} -of_objects [get_nets -hierarchical -filter {PARENT=="nolabel_line28/clr_count_reg_LDC_i_1_n_0"}]]]
resize_pblock [get_pblocks {CLKAG_nolabel_line28/clr_count_reg_LDC_i_1_n_0}] -add {CLOCKREGION_X0Y0:CLOCKREGION_X0Y0}
#endgroup

# Clock net "nolabel_line28/nclk_100M" driven by instance "nolabel_line28/bg1_i_1" located at site "SLICE_X48Y47"
#startgroup
create_pblock {CLKAG_nolabel_line28/nclk_100M}
add_cells_to_pblock [get_pblocks  {CLKAG_nolabel_line28/nclk_100M}] [get_cells -filter { PRIMITIVE_GROUP != I/O && IS_PRIMITIVE==1 && PRIMITIVE_LEVEL !=INTERNAL } -of_object [get_pins -filter {DIRECTION==IN} -of_objects [get_nets -hierarchical -filter {PARENT=="nolabel_line28/nclk_100M"}]]]
resize_pblock [get_pblocks {CLKAG_nolabel_line28/nclk_100M}] -add {CLOCKREGION_X0Y1:CLOCKREGION_X0Y1 CLOCKREGION_X0Y2:CLOCKREGION_X0Y2 CLOCKREGION_X1Y0:CLOCKREGION_X1Y0 CLOCKREGION_X1Y1:CLOCKREGION_X1Y1 CLOCKREGION_X1Y2:CLOCKREGION_X1Y2}
#endgroup
